<?xml version="1.0" encoding="UTF-8" ?>
<testsuites errors="0"
            failures="1"
            tests="1">

  <testsuite name="candidate-signup"
    errors="0" failures="1" hostname="" id="" package="candidate-signup" skipped="0"
    tests="1" time="74.50" timestamp="Mon, 12 Feb 2018 08:10:30 GMT">
  
    <testcase name="Signup" classname="candidate-signup" time="74.50" assertions="40">

    

    

    

    

    

    

    

    

    

    

    

    

    

    

    

    

    

    

    

    

    

    

    

    

    

    

    

    

    

    

    

    

    

    

    

    

    

      <failure message="Timed out while waiting for element &lt;.links .links-item .profile-link a.dropdown-toggle&gt; to be present for 1000 milliseconds.">    at Object.navigationAfterLogin (/home/osboxes/testSuiteWithNightwatch/candidate-signup-signin/candidate-signup.js:51:15)</failure>

      <failure message="Expected element &lt;.links .links-item .profile-link a.dropdown-toggle&gt; to be present - element was not found">    at Object.navigationAfterLogin (/home/osboxes/testSuiteWithNightwatch/candidate-signup-signin/candidate-signup.js:52:22)</failure>

    
    </testcase>
  

  

  
  </testsuite>
</testsuites>
